-------------------------------------------------------------------------------
Test set: TestSuite
-------------------------------------------------------------------------------
Tests run: 2, Failures: 1, Errors: 0, Skipped: 1, Time elapsed: 0.754 s <<< FAILURE! - in TestSuite
setUpDriver(testHomePage.HomePageTest)  Time elapsed: 0.538 s  <<< FAILURE!
java.lang.IllegalStateException: The driver executable does not exist: C:\Users\Mohammad Karim\MultiModulePractice\Uber\..Generic\src\main\resources\drivers\chromedriver.exe

