<?xml version="1.0" encoding="UTF-8"?>
<testsuite xmlns:xsi="http://www.w3.org/2001/XMLSchema-instance" xsi:noNamespaceSchemaLocation="https://maven.apache.org/surefire/maven-surefire-plugin/xsd/surefire-test-report-3.0.xsd" version="3.0" name="TestSuite" time="0.754" tests="2" errors="0" skipped="1" failures="1">
  <properties>
[...]
</properties>
  <testcase name="setUpDriver" classname="testHomePage.HomePageTest" time="0.538">
    <failure message="The driver executable does not exist: C:\Users\Mohammad Karim\MultiModulePractice\Uber\..Generic\src\main\resources\drivers\chromedriver.exe" type="java.lang.IllegalStateException">java.lang.IllegalStateException: The driver executable does not exist: C:\Users\Mohammad Karim\MultiModulePractice\Uber\..Generic\src\main\resources\drivers\chromedriver.exe
</failure>
  </testcase>
  <testcase name="clickOnOurProductsTest" classname="testHomePage.HomePageTest" time="0">
    <skipped message="The driver executable does not exist: C:\Users\Mohammad Karim\MultiModulePractice\Uber\..Generic\src\main\resources\drivers\chromedriver.exe"/>
  </testcase>
</testsuite>